<?xml version="1.0" encoding="UTF-8"?>
<testsuite xmlns:xsi="http://www.w3.org/2001/XMLSchema-instance" xsi:noNamespaceSchemaLocation="https://maven.apache.org/surefire/maven-surefire-plugin/xsd/surefire-test-report.xsd" name="com.ascending.estate.repository.HibernateMappingTest" time="2.995" tests="3" errors="0" skipped="0" failures="0">
  <properties>
[...]
</properties>
  <testcase name="mappingAgentTest" classname="com.ascending.estate.repository.HibernateMappingTest" time="2.879"/>
  <testcase name="mappingCustomerTest" classname="com.ascending.estate.repository.HibernateMappingTest" time="0.03"/>
  <testcase name="mappingHouseTest" classname="com.ascending.estate.repository.HibernateMappingTest" time="0.019"/>
</testsuite>